<?xml version="1.0" encoding="UTF-8"?>
<!-- Generated by org.testng.reporters.JUnitXMLReporter -->
<testsuite ignored="0" hostname="Naims-MacBook-Pro.local" failures="0" tests="4" name="Default test" time="44.33" errors="0" timestamp="2022-11-04T05:43:29 EDT">
  <testcase classname="com.crm.qa.testCases.AddNewContactPageTest" name="validateAddNewContactPageTitle" time="0.05"/>
  <testcase classname="com.crm.qa.testCases.AddNewContactPageTest" name="addNewContactTest" time="1.248"/>
  <testcase classname="com.crm.qa.testCases.AddNewContactPageTest" name="addNewContactTest" time="1.209"/>
  <testcase classname="com.crm.qa.testCases.AddNewContactPageTest" name="addNewContactTest" time="1.244"/>
</testsuite> <!-- Default test -->
