<?xml version="1.0" encoding="UTF-8"?>
<!-- Generated by org.testng.reporters.JUnitXMLReporter -->
<testsuite ignored="0" hostname="Naims-MacBook-Pro.local" failures="0" tests="3" name="Default test" time="15.749" errors="0" timestamp="2022-11-02T03:43:33 EDT">
  <testcase classname="com.crm.qa.testCases.LogInPageTest" name="validateTitleTest" time="0.017"/>
  <testcase classname="com.crm.qa.testCases.LogInPageTest" name="crmLogoTest" time="0.066"/>
  <testcase classname="com.crm.qa.testCases.LogInPageTest" name="loginTest" time="3.16"/>
</testsuite> <!-- Default test -->
