<?xml version="1.0" encoding="UTF-8"?>
<!-- Generated by org.testng.reporters.JUnitXMLReporter -->
<testsuite ignored="0" hostname="Naims-MacBook-Pro.local" failures="0" tests="9" name="Free CRM Automation Test" time="78.843" errors="0" timestamp="2022-11-03T06:05:08 EDT">
  <testcase classname="com.crm.qa.testCases.UserHomePageTest" name="verifyUserHomePageTitleTest" time="0.012"/>
  <testcase classname="com.crm.qa.testCases.UserHomePageTest" name="verifyUserNameLabel" time="0.069"/>
  <testcase classname="com.crm.qa.testCases.UserHomePageTest" name="contactsButtonClickTest" time="0.645"/>
  <testcase classname="com.crm.qa.testCases.LogInPageTest" name="validateTitleTest" time="0.018"/>
  <testcase classname="com.crm.qa.testCases.LogInPageTest" name="crmLogoTest" time="0.055"/>
  <testcase classname="com.crm.qa.testCases.LogInPageTest" name="loginTest" time="3.785"/>
  <testcase classname="com.crm.qa.testCases.ContactsPageTest" name="verifyContactsPageTest" time="0.031"/>
  <testcase classname="com.crm.qa.testCases.ContactsPageTest" name="selectContactCheckBoxTest" time="0.072"/>
  <testcase classname="com.crm.qa.testCases.ContactsPageTest" name="selectMultipleContactCheckBoxTest" time="0.142"/>
</testsuite> <!-- Free CRM Automation Test -->
