<?xml version="1.0" encoding="UTF-8"?>
<testng-results ignored="0" total="9" passed="9" failed="0" skipped="0">
  <reporter-output>
  </reporter-output>
  <suite started-at="2022-11-03T06:03:49 EDT" name="Free CRM Automation Test Suite" finished-at="2022-11-03T06:05:08 EDT" duration-ms="78843">
    <groups>
    </groups>
    <test started-at="2022-11-03T06:03:49 EDT" name="Free CRM Automation Test" finished-at="2022-11-03T06:05:08 EDT" duration-ms="78843">
      <class name="com.crm.qa.testCases.ContactsPageTest">
        <test-method is-config="true" signature="setupCom()[pri:0, instance:com.crm.qa.testCases.ContactsPageTest@14dd9eb7]" started-at="2022-11-03T06:04:36 EDT" name="setupCom" finished-at="2022-11-03T06:04:46 EDT" duration-ms="10187" status="PASS">
          <reporter-output>
          </reporter-output>
        </test-method> <!-- setupCom -->
        <test-method signature="verifyContactsPageTest()[pri:1, instance:com.crm.qa.testCases.ContactsPageTest@14dd9eb7]" started-at="2022-11-03T06:04:46 EDT" name="verifyContactsPageTest" finished-at="2022-11-03T06:04:46 EDT" duration-ms="31" status="PASS">
          <reporter-output>
          </reporter-output>
        </test-method> <!-- verifyContactsPageTest -->
        <test-method is-config="true" signature="quitBrowser()[pri:0, instance:com.crm.qa.testCases.ContactsPageTest@14dd9eb7]" started-at="2022-11-03T06:04:46 EDT" name="quitBrowser" finished-at="2022-11-03T06:04:46 EDT" duration-ms="161" status="PASS">
          <reporter-output>
          </reporter-output>
        </test-method> <!-- quitBrowser -->
        <test-method is-config="true" signature="setupCom()[pri:0, instance:com.crm.qa.testCases.ContactsPageTest@14dd9eb7]" started-at="2022-11-03T06:04:46 EDT" name="setupCom" finished-at="2022-11-03T06:04:56 EDT" duration-ms="10036" status="PASS">
          <reporter-output>
          </reporter-output>
        </test-method> <!-- setupCom -->
        <test-method signature="selectContactCheckBoxTest()[pri:2, instance:com.crm.qa.testCases.ContactsPageTest@14dd9eb7]" started-at="2022-11-03T06:04:56 EDT" name="selectContactCheckBoxTest" finished-at="2022-11-03T06:04:56 EDT" duration-ms="72" status="PASS">
          <reporter-output>
          </reporter-output>
        </test-method> <!-- selectContactCheckBoxTest -->
        <test-method is-config="true" signature="quitBrowser()[pri:0, instance:com.crm.qa.testCases.ContactsPageTest@14dd9eb7]" started-at="2022-11-03T06:04:56 EDT" name="quitBrowser" finished-at="2022-11-03T06:04:57 EDT" duration-ms="160" status="PASS">
          <reporter-output>
          </reporter-output>
        </test-method> <!-- quitBrowser -->
        <test-method is-config="true" signature="setupCom()[pri:0, instance:com.crm.qa.testCases.ContactsPageTest@14dd9eb7]" started-at="2022-11-03T06:04:57 EDT" name="setupCom" finished-at="2022-11-03T06:05:08 EDT" duration-ms="11214" status="PASS">
          <reporter-output>
          </reporter-output>
        </test-method> <!-- setupCom -->
        <test-method signature="selectMultipleContactCheckBoxTest()[pri:3, instance:com.crm.qa.testCases.ContactsPageTest@14dd9eb7]" started-at="2022-11-03T06:05:08 EDT" name="selectMultipleContactCheckBoxTest" finished-at="2022-11-03T06:05:08 EDT" duration-ms="142" status="PASS">
          <reporter-output>
          </reporter-output>
        </test-method> <!-- selectMultipleContactCheckBoxTest -->
        <test-method is-config="true" signature="quitBrowser()[pri:0, instance:com.crm.qa.testCases.ContactsPageTest@14dd9eb7]" started-at="2022-11-03T06:05:08 EDT" name="quitBrowser" finished-at="2022-11-03T06:05:08 EDT" duration-ms="218" status="PASS">
          <reporter-output>
          </reporter-output>
        </test-method> <!-- quitBrowser -->
      </class> <!-- com.crm.qa.testCases.ContactsPageTest -->
      <class name="com.crm.qa.testCases.UserHomePageTest">
        <test-method is-config="true" signature="launchBrowser()[pri:0, instance:com.crm.qa.testCases.UserHomePageTest@2c767a52]" started-at="2022-11-03T06:03:49 EDT" name="launchBrowser" finished-at="2022-11-03T06:04:00 EDT" duration-ms="11053" status="PASS">
          <reporter-output>
          </reporter-output>
        </test-method> <!-- launchBrowser -->
        <test-method signature="verifyUserHomePageTitleTest()[pri:1, instance:com.crm.qa.testCases.UserHomePageTest@2c767a52]" started-at="2022-11-03T06:04:00 EDT" name="verifyUserHomePageTitleTest" finished-at="2022-11-03T06:04:00 EDT" duration-ms="12" status="PASS">
          <reporter-output>
          </reporter-output>
        </test-method> <!-- verifyUserHomePageTitleTest -->
        <test-method is-config="true" signature="quitBrowser()[pri:0, instance:com.crm.qa.testCases.UserHomePageTest@2c767a52]" started-at="2022-11-03T06:04:00 EDT" name="quitBrowser" finished-at="2022-11-03T06:04:01 EDT" duration-ms="164" status="PASS">
          <reporter-output>
          </reporter-output>
        </test-method> <!-- quitBrowser -->
        <test-method is-config="true" signature="launchBrowser()[pri:0, instance:com.crm.qa.testCases.UserHomePageTest@2c767a52]" started-at="2022-11-03T06:04:01 EDT" name="launchBrowser" finished-at="2022-11-03T06:04:11 EDT" duration-ms="10166" status="PASS">
          <reporter-output>
          </reporter-output>
        </test-method> <!-- launchBrowser -->
        <test-method signature="verifyUserNameLabel()[pri:2, instance:com.crm.qa.testCases.UserHomePageTest@2c767a52]" started-at="2022-11-03T06:04:11 EDT" name="verifyUserNameLabel" finished-at="2022-11-03T06:04:11 EDT" duration-ms="69" status="PASS">
          <reporter-output>
          </reporter-output>
        </test-method> <!-- verifyUserNameLabel -->
        <test-method is-config="true" signature="quitBrowser()[pri:0, instance:com.crm.qa.testCases.UserHomePageTest@2c767a52]" started-at="2022-11-03T06:04:11 EDT" name="quitBrowser" finished-at="2022-11-03T06:04:11 EDT" duration-ms="161" status="PASS">
          <reporter-output>
          </reporter-output>
        </test-method> <!-- quitBrowser -->
        <test-method is-config="true" signature="launchBrowser()[pri:0, instance:com.crm.qa.testCases.UserHomePageTest@2c767a52]" started-at="2022-11-03T06:04:11 EDT" name="launchBrowser" finished-at="2022-11-03T06:04:21 EDT" duration-ms="9589" status="PASS">
          <reporter-output>
          </reporter-output>
        </test-method> <!-- launchBrowser -->
        <test-method signature="contactsButtonClickTest()[pri:3, instance:com.crm.qa.testCases.UserHomePageTest@2c767a52]" started-at="2022-11-03T06:04:21 EDT" name="contactsButtonClickTest" finished-at="2022-11-03T06:04:21 EDT" duration-ms="645" status="PASS">
          <reporter-output>
          </reporter-output>
        </test-method> <!-- contactsButtonClickTest -->
        <test-method is-config="true" signature="quitBrowser()[pri:0, instance:com.crm.qa.testCases.UserHomePageTest@2c767a52]" started-at="2022-11-03T06:04:21 EDT" name="quitBrowser" finished-at="2022-11-03T06:04:21 EDT" duration-ms="160" status="PASS">
          <reporter-output>
          </reporter-output>
        </test-method> <!-- quitBrowser -->
      </class> <!-- com.crm.qa.testCases.UserHomePageTest -->
      <class name="com.crm.qa.testCases.LogInPageTest">
        <test-method is-config="true" signature="launchBrowser()[pri:0, instance:com.crm.qa.testCases.LogInPageTest@42e99e4a]" started-at="2022-11-03T06:04:21 EDT" name="launchBrowser" finished-at="2022-11-03T06:04:25 EDT" duration-ms="3357" status="PASS">
          <reporter-output>
          </reporter-output>
        </test-method> <!-- launchBrowser -->
        <test-method signature="validateTitleTest()[pri:1, instance:com.crm.qa.testCases.LogInPageTest@42e99e4a]" started-at="2022-11-03T06:04:25 EDT" name="validateTitleTest" finished-at="2022-11-03T06:04:25 EDT" duration-ms="18" status="PASS">
          <reporter-output>
          </reporter-output>
        </test-method> <!-- validateTitleTest -->
        <test-method is-config="true" signature="quitBrowser()[pri:0, instance:com.crm.qa.testCases.LogInPageTest@42e99e4a]" started-at="2022-11-03T06:04:25 EDT" name="quitBrowser" finished-at="2022-11-03T06:04:25 EDT" duration-ms="148" status="PASS">
          <reporter-output>
          </reporter-output>
        </test-method> <!-- quitBrowser -->
        <test-method is-config="true" signature="launchBrowser()[pri:0, instance:com.crm.qa.testCases.LogInPageTest@42e99e4a]" started-at="2022-11-03T06:04:25 EDT" name="launchBrowser" finished-at="2022-11-03T06:04:28 EDT" duration-ms="3432" status="PASS">
          <reporter-output>
          </reporter-output>
        </test-method> <!-- launchBrowser -->
        <test-method signature="crmLogoTest()[pri:2, instance:com.crm.qa.testCases.LogInPageTest@42e99e4a]" started-at="2022-11-03T06:04:28 EDT" name="crmLogoTest" finished-at="2022-11-03T06:04:28 EDT" duration-ms="55" status="PASS">
          <reporter-output>
          </reporter-output>
        </test-method> <!-- crmLogoTest -->
        <test-method is-config="true" signature="quitBrowser()[pri:0, instance:com.crm.qa.testCases.LogInPageTest@42e99e4a]" started-at="2022-11-03T06:04:28 EDT" name="quitBrowser" finished-at="2022-11-03T06:04:28 EDT" duration-ms="125" status="PASS">
          <reporter-output>
          </reporter-output>
        </test-method> <!-- quitBrowser -->
        <test-method is-config="true" signature="launchBrowser()[pri:0, instance:com.crm.qa.testCases.LogInPageTest@42e99e4a]" started-at="2022-11-03T06:04:28 EDT" name="launchBrowser" finished-at="2022-11-03T06:04:32 EDT" duration-ms="3468" status="PASS">
          <reporter-output>
          </reporter-output>
        </test-method> <!-- launchBrowser -->
        <test-method signature="loginTest()[pri:3, instance:com.crm.qa.testCases.LogInPageTest@42e99e4a]" started-at="2022-11-03T06:04:32 EDT" name="loginTest" finished-at="2022-11-03T06:04:36 EDT" duration-ms="3785" status="PASS">
          <reporter-output>
          </reporter-output>
        </test-method> <!-- loginTest -->
        <test-method is-config="true" signature="quitBrowser()[pri:0, instance:com.crm.qa.testCases.LogInPageTest@42e99e4a]" started-at="2022-11-03T06:04:36 EDT" name="quitBrowser" finished-at="2022-11-03T06:04:36 EDT" duration-ms="161" status="PASS">
          <reporter-output>
          </reporter-output>
        </test-method> <!-- quitBrowser -->
      </class> <!-- com.crm.qa.testCases.LogInPageTest -->
    </test> <!-- Free CRM Automation Test -->
  </suite> <!-- Free CRM Automation Test Suite -->
</testng-results>
